<?xml version="1.0" encoding="UTF-8"?>
<!-- Generated by org.testng.reporters.JUnitReportReporter -->
<testsuite hostname="MBRLT00539" name="com.forum.testcases.LoginForum" tests="1" failures="0" timestamp="11 Jun 2020 07:13:19 GMT" time="6.492" errors="0">
  <testcase name="loginApp" time="6.492" classname="com.forum.testcases.LoginForum"/>
</testsuite> <!-- com.forum.testcases.LoginForum -->
